<?xml version="1.0" encoding="UTF-8"?>
<!-- Generated by org.testng.reporters.JUnitXMLReporter -->
<testsuite hostname="Tripshi" ignored="0" name="Test" tests="5" failures="0" timestamp="07 Apr 2019 10:22:53 GMT" time="88.059" errors="0">
  <testcase name="login" time="39.196" classname="com.tc.ak.testScripts.RegistrationTest"/>
  <testcase name="login" time="12.018" classname="com.tc.ak.testScripts.RegistrationTest"/>
  <testcase name="login" time="11.894" classname="com.tc.ak.testScripts.RegistrationTest"/>
  <testcase name="login" time="12.492" classname="com.tc.ak.testScripts.RegistrationTest"/>
  <testcase name="login" time="11.333" classname="com.tc.ak.testScripts.RegistrationTest"/>
</testsuite> <!-- Test -->
